<?xml version="1.0" encoding="UTF-8"?>
<!-- Generated by org.testng.reporters.JUnitReportReporter -->
<testsuite skipped="0" hostname="DESKTOP-5KLMRA1" name="com.crm.autodesk.campaign_with_products.Test.CampaignwithProductsTest" tests="1" failures="0" timestamp="2022-03-23T17:59:19 IST" time="38.510" errors="0">
  <testcase name="campaignwithProduct" time="38.510" classname="com.crm.autodesk.campaign_with_products.Test.CampaignwithProductsTest"/>
  <system-out/>
</testsuite> <!-- com.crm.autodesk.campaign_with_products.Test.CampaignwithProductsTest -->
