<?xml version="1.0" encoding="UTF-8"?>
<!-- Generated by org.testng.reporters.JUnitReportReporter -->
<testsuite skipped="0" hostname="DESKTOP-5KLMRA1" name="com.crm.autodesk.products.Test.ProductbyQuantityinStockTest" tests="1" failures="0" timestamp="2022-03-23T17:49:07 IST" time="25.373" errors="0">
  <testcase name="productbyQuantity" time="25.373" classname="com.crm.autodesk.products.Test.ProductbyQuantityinStockTest"/>
  <system-out/>
</testsuite> <!-- com.crm.autodesk.products.Test.ProductbyQuantityinStockTest -->
