<?xml version="1.0" encoding="UTF-8"?>
<!-- Generated by org.testng.reporters.JUnitReportReporter -->
<testsuite hostname="PrathithAcchu" failures="0" tests="1" name="com.crm.autodesk.products.Test.Create_Product" time="75.784" errors="0" timestamp="2022-03-11T14:56:41 IST" skipped="0">
  <testcase classname="com.crm.autodesk.products.Test.Create_Product" name="createProduct" time="75.784"/>
  <system-out/>
</testsuite> <!-- com.crm.autodesk.products.Test.Create_Product -->
