<?xml version="1.0" encoding="UTF-8"?>
<!-- Generated by org.testng.reporters.JUnitReportReporter -->
<testsuite skipped="0" hostname="DESKTOP-5KLMRA1" name="com.crm.autodesk.campaigns.Test.Create_CampaignTest" tests="1" failures="0" timestamp="2022-03-23T18:01:57 IST" time="22.293" errors="0">
  <testcase name="createCampaign" time="22.293" classname="com.crm.autodesk.campaigns.Test.Create_CampaignTest"/>
  <system-out/>
</testsuite> <!-- com.crm.autodesk.campaigns.Test.Create_CampaignTest -->
