<?xml version="1.0" encoding="UTF-8"?>
<!-- Generated by org.testng.reporters.JUnitReportReporter -->
<testsuite skipped="0" hostname="DESKTOP-5KLMRA1" name="com.crm.autodesk.organization.Test.CreateOrganizationandValidateTest" tests="1" failures="0" timestamp="2022-03-23T18:14:14 IST" time="21.096" errors="0">
  <testcase name="createOrganization" time="21.096" classname="com.crm.autodesk.organization.Test.CreateOrganizationandValidateTest"/>
  <system-out/>
</testsuite> <!-- com.crm.autodesk.organization.Test.CreateOrganizationandValidateTest -->
