<?xml version="1.0" encoding="UTF-8"?>
<!-- Generated by org.testng.reporters.JUnitReportReporter -->
<testsuite skipped="0" hostname="DESKTOP-5KLMRA1" name="com.crm.autodesk.contacts_with_organization.Test.Contacts_with_OrganizationTest" tests="1" failures="0" timestamp="2022-03-23T18:12:23 IST" time="35.323" errors="0">
  <testcase name="contactswithOrganization" time="35.323" classname="com.crm.autodesk.contacts_with_organization.Test.Contacts_with_OrganizationTest"/>
  <system-out/>
</testsuite> <!-- com.crm.autodesk.contacts_with_organization.Test.Contacts_with_OrganizationTest -->
