<?xml version="1.0" encoding="UTF-8"?>
<!-- Generated by org.testng.reporters.JUnitReportReporter -->
<testsuite skipped="0" hostname="DESKTOP-5KLMRA1" name="com.crm.autodesk.products.Test.Create_ProductTest" tests="1" failures="0" timestamp="2022-03-23T14:29:14 IST" time="22.026" errors="0">
  <testcase name="createProduct" time="22.026" classname="com.crm.autodesk.products.Test.Create_ProductTest"/>
  <system-out/>
</testsuite> <!-- com.crm.autodesk.products.Test.Create_ProductTest -->
