<?xml version="1.0" encoding="UTF-8"?>
<!-- Generated by org.testng.reporters.JUnitReportReporter -->
<testsuite hostname="PrathithAcchu" failures="0" tests="1" name="com.crm.autodesk.products.Test.ProductbyUnit" time="39.332" errors="0" timestamp="2022-03-11T15:00:23 IST" skipped="0">
  <testcase classname="com.crm.autodesk.products.Test.ProductbyUnit" name="productbyUnit" time="39.332"/>
  <system-out/>
</testsuite> <!-- com.crm.autodesk.products.Test.ProductbyUnit -->
