<?xml version="1.0" encoding="UTF-8"?>
<!-- Generated by org.testng.reporters.JUnitReportReporter -->
<testsuite skipped="0" hostname="DESKTOP-5KLMRA1" name="com.crm.autodesk.contact.Test.Create_ContactTest" tests="1" failures="0" timestamp="2022-03-23T18:09:14 IST" time="27.112" errors="0">
  <testcase name="creteContact" time="27.112" classname="com.crm.autodesk.contact.Test.Create_ContactTest"/>
  <system-out/>
</testsuite> <!-- com.crm.autodesk.contact.Test.Create_ContactTest -->
