<?xml version="1.0" encoding="UTF-8"?>
<!-- Generated by org.testng.reporters.JUnitReportReporter -->
<testsuite skipped="0" hostname="DESKTOP-5KLMRA1" name="com.crm.autodesk.organization.Test.Organization_choose_IndustryTest" tests="1" failures="0" timestamp="2022-03-23T14:29:14 IST" time="24.865" errors="0">
  <testcase name="orgwithIndustry" time="24.865" classname="com.crm.autodesk.organization.Test.Organization_choose_IndustryTest"/>
  <system-out/>
</testsuite> <!-- com.crm.autodesk.organization.Test.Organization_choose_IndustryTest -->
