<?xml version="1.0" encoding="UTF-8"?>
<!-- Generated by org.testng.reporters.JUnitReportReporter -->
<testsuite skipped="0" hostname="DESKTOP-5KLMRA1" name="com.crm.autodesk.contact.Test.Choose_Organization_in_contactTest" tests="1" failures="0" timestamp="2022-03-23T18:06:28 IST" time="37.979" errors="0">
  <testcase name="organizationinContact" time="37.979" classname="com.crm.autodesk.contact.Test.Choose_Organization_in_contactTest"/>
  <system-out/>
</testsuite> <!-- com.crm.autodesk.contact.Test.Choose_Organization_in_contactTest -->
