<?xml version="1.0" encoding="UTF-8"?>
<!-- Generated by org.testng.reporters.JUnitReportReporter -->
<testsuite hostname="PrathithAcchu" failures="0" tests="5" name="practice.CreateContact" time="129.704" errors="0" timestamp="2022-03-14T12:07:02 IST" skipped="0">
  <testcase classname="practice.CreateContact" name="createContactwithDataprovider" time="26.473"/>
  <system-out/>
  <testcase classname="practice.CreateContact" name="createContactwithDataprovider" time="24.504"/>
  <system-out/>
  <testcase classname="practice.CreateContact" name="createContactwithDataprovider" time="27.319"/>
  <system-out/>
  <testcase classname="practice.CreateContact" name="createContactwithDataprovider" time="24.720"/>
  <system-out/>
  <testcase classname="practice.CreateContact" name="createContactwithDataprovider" time="26.688"/>
  <system-out/>
</testsuite> <!-- practice.CreateContact -->
