<?xml version="1.0" encoding="UTF-8"?>
<!-- Generated by org.testng.reporters.JUnitReportReporter -->
<testsuite hostname="DESKTOP-5KLMRA1" failures="0" tests="1" name="practice.AssertionsDemo" time="0.022" errors="0" timestamp="2022-03-16T04:04:14 GMT-07:00" skipped="0">
  <testcase classname="practice.AssertionsDemo" name="demo" time="0.022"/>
  <system-out/>
</testsuite> <!-- practice.AssertionsDemo -->
